current directory: /home/runner/rubychess/.bundle/ruby/2.5.0/gems/jaro_winkler-1.5.4/ext/jaro_winkler
/usr/bin/ruby2.5 -r ./siteconf20200829-74-zxaqu7.rb extconf.rb
creating Makefile

current directory: /home/runner/rubychess/.bundle/ruby/2.5.0/gems/jaro_winkler-1.5.4/ext/jaro_winkler
make "DESTDIR=" clean

current directory: /home/runner/rubychess/.bundle/ruby/2.5.0/gems/jaro_winkler-1.5.4/ext/jaro_winkler
make "DESTDIR="
compiling adj_matrix.c
In file included from /usr/include/ruby-2.5.0/ruby/ruby.h:2040:0,
                 from /usr/include/ruby-2.5.0/ruby.h:33,
                 from codepoints.h:2,
                 from adj_matrix.c:2:
/usr/include/ruby-2.5.0/ruby/intern.h:887:29: warning: ‘struct timespec’ declared inside parameter list will not be visible outside of this definition or declaration
 void rb_timespec_now(struct timespec *);
                             ^~~~~~~~
/usr/include/ruby-2.5.0/ruby/intern.h:890:41: warning: ‘struct timespec’ declared inside parameter list will not be visible outside of this definition or declaration
 VALUE rb_time_timespec_new(const struct timespec *, int);
                                         ^~~~~~~~
compiling codepoints.c
compiling jaro.c
In file included from /usr/include/ruby-2.5.0/ruby/ruby.h:2040:0,
                 from /usr/include/ruby-2.5.0/ruby.h:33,
                 from codepoints.h:2,
                 from jaro.c:3:
/usr/include/ruby-2.5.0/ruby/intern.h:887:29: warning: ‘struct timespec’ declared inside parameter list will not be visible outside of this definition or declaration
 void rb_timespec_now(struct timespec *);
                             ^~~~~~~~
/usr/include/ruby-2.5.0/ruby/intern.h:890:41: warning: ‘struct timespec’ declared inside parameter list will not be visible outside of this definition or declaration
 VALUE rb_time_timespec_new(const struct timespec *, int);
                                         ^~~~~~~~
compiling jaro_winkler.c
linking shared-object jaro_winkler/jaro_winkler_ext.so

current directory: /home/runner/rubychess/.bundle/ruby/2.5.0/gems/jaro_winkler-1.5.4/ext/jaro_winkler
make "DESTDIR=" install
/usr/bin/install -c -m 0755 jaro_winkler_ext.so ./.gem.20200829-74-12mscoj/jaro_winkler
